Flow report for ITI1100_LAB4_PT_3
Tue Mar 03 19:00:23 2026
Quartus II 64-Bit Version 13.0.1 Build 232 06/12/2013 Service Pack 1 SJ Web Edition


---------------------
; Table of Contents ;
---------------------
  1. Legal Notice
  2. Flow Summary
  3. Flow Settings
  4. Flow Non-Default Global Settings
  5. Flow Elapsed Time
  6. Flow OS Summary
  7. Flow Log
  8. Flow Messages
  9. Flow Suppressed Messages



----------------
; Legal Notice ;
----------------
Copyright (C) 1991-2013 Altera Corporation
Your use of Altera Corporation's design tools, logic functions 
and other software and tools, and its AMPP partner logic 
functions, and any output files from any of the foregoing 
(including device programming or simulation files), and any 
associated documentation or information are expressly subject 
to the terms and conditions of the Altera Program License 
Subscription Agreement, Altera MegaCore Function License 
Agreement, or other applicable license agreement, including, 
without limitation, that your use is for the sole purpose of 
programming logic devices manufactured by Altera and sold by 
Altera or its authorized distributors.  Please refer to the 
applicable agreement for further details.



+--------------------------------------------------------------------------------------+
; Flow Summary                                                                         ;
+------------------------------------+-------------------------------------------------+
; Flow Status                        ; Successful - Tue Mar 03 19:00:21 2026           ;
; Quartus II 64-Bit Version          ; 13.0.1 Build 232 06/12/2013 SP 1 SJ Web Edition ;
; Revision Name                      ; ITI1100_LAB4_PT_3                               ;
; Top-level Entity Name              ; Multiplexer                                     ;
; Family                             ; Cyclone IV E                                    ;
; Device                             ; EP4CE115F29C7                                   ;
; Timing Models                      ; Final                                           ;
; Total logic elements               ; 2 / 114,480 ( < 1 % )                           ;
;     Total combinational functions  ; 2 / 114,480 ( < 1 % )                           ;
;     Dedicated logic registers      ; 0 / 114,480 ( 0 % )                             ;
; Total registers                    ; 0                                               ;
; Total pins                         ; 7 / 529 ( 1 % )                                 ;
; Total virtual pins                 ; 0                                               ;
; Total memory bits                  ; 0 / 3,981,312 ( 0 % )                           ;
; Embedded Multiplier 9-bit elements ; 0 / 532 ( 0 % )                                 ;
; Total PLLs                         ; 0 / 4 ( 0 % )                                   ;
+------------------------------------+-------------------------------------------------+


+-----------------------------------------+
; Flow Settings                           ;
+-------------------+---------------------+
; Option            ; Setting             ;
+-------------------+---------------------+
; Start date & time ; 03/03/2026 19:00:06 ;
; Main task         ; Compilation         ;
; Revision Name     ; ITI1100_LAB4_PT_3   ;
+-------------------+---------------------+


+--------------------------------------------------------------------------------------------------------------------+
; Flow Non-Default Global Settings                                                                                   ;
+-------------------------------------+-------------------------------+-------------------+-------------+------------+
; Assignment Name                     ; Value                         ; Default Value     ; Entity Name ; Section Id ;
+-------------------------------------+-------------------------------+-------------------+-------------+------------+
; COMPILER_SIGNATURE_ID               ; 3106767662895.177259320603272 ; --                ; --          ; --         ;
; MAX_CORE_JUNCTION_TEMP              ; 85                            ; --                ; --          ; --         ;
; MIN_CORE_JUNCTION_TEMP              ; 0                             ; --                ; --          ; --         ;
; NOMINAL_CORE_SUPPLY_VOLTAGE         ; 1.2V                          ; --                ; --          ; --         ;
; PARTITION_COLOR                     ; 16764057                      ; --                ; Multiplexer ; Top        ;
; PARTITION_FITTER_PRESERVATION_LEVEL ; PLACEMENT_AND_ROUTING         ; --                ; Multiplexer ; Top        ;
; PARTITION_NETLIST_TYPE              ; SOURCE                        ; --                ; Multiplexer ; Top        ;
; PROJECT_OUTPUT_DIRECTORY            ; output_files                  ; --                ; --          ; --         ;
; TOP_LEVEL_ENTITY                    ; Multiplexer                   ; ITI1100_LAB4_PT_3 ; --          ; --         ;
+-------------------------------------+-------------------------------+-------------------+-------------+------------+


+-------------------------------------------------------------------------------------------------------------------------------+
; Flow Elapsed Time                                                                                                             ;
+---------------------------+--------------+-------------------------+---------------------+------------------------------------+
; Module Name               ; Elapsed Time ; Average Processors Used ; Peak Virtual Memory ; Total CPU Time (on all processors) ;
+---------------------------+--------------+-------------------------+---------------------+------------------------------------+
; Analysis & Synthesis      ; 00:00:01     ; 1.0                     ; 4583 MB             ; 00:00:01                           ;
; Fitter                    ; 00:00:09     ; 1.0                     ; 5062 MB             ; 00:00:09                           ;
; Assembler                 ; 00:00:03     ; 1.0                     ; 4561 MB             ; 00:00:03                           ;
; TimeQuest Timing Analyzer ; 00:00:01     ; 1.0                     ; 4654 MB             ; 00:00:02                           ;
; Total                     ; 00:00:14     ; --                      ; --                  ; 00:00:15                           ;
+---------------------------+--------------+-------------------------+---------------------+------------------------------------+


+----------------------------------------------------------------------------------------+
; Flow OS Summary                                                                        ;
+---------------------------+------------------+-----------+------------+----------------+
; Module Name               ; Machine Hostname ; OS Name   ; OS Version ; Processor type ;
+---------------------------+------------------+-----------+------------+----------------+
; Analysis & Synthesis      ; WIN-6SK9USEGCH7  ; Windows 7 ; 6.2        ; x86_64         ;
; Fitter                    ; WIN-6SK9USEGCH7  ; Windows 7 ; 6.2        ; x86_64         ;
; Assembler                 ; WIN-6SK9USEGCH7  ; Windows 7 ; 6.2        ; x86_64         ;
; TimeQuest Timing Analyzer ; WIN-6SK9USEGCH7  ; Windows 7 ; 6.2        ; x86_64         ;
+---------------------------+------------------+-----------+------------+----------------+


------------
; Flow Log ;
------------
quartus_map --read_settings_files=on --write_settings_files=off ITI1100_LAB4_PT_3 -c ITI1100_LAB4_PT_3
quartus_fit --read_settings_files=off --write_settings_files=off ITI1100_LAB4_PT_3 -c ITI1100_LAB4_PT_3
quartus_asm --read_settings_files=off --write_settings_files=off ITI1100_LAB4_PT_3 -c ITI1100_LAB4_PT_3
quartus_sta ITI1100_LAB4_PT_3 -c ITI1100_LAB4_PT_3



