EDA Netlist Writer report for Parallel_Adder
Fri Feb 13 13:26:16 2026
Quartus II 64-Bit Version 13.0.1 Build 232 06/12/2013 Service Pack 1 SJ Web Edition


---------------------
; Table of Contents ;
---------------------
  1. Legal Notice
  2. EDA Netlist Writer Summary
  3. Simulation Settings
  4. Simulation Generated Files
  5. EDA Netlist Writer Messages



----------------
; Legal Notice ;
----------------
Copyright (C) 1991-2013 Altera Corporation
Your use of Altera Corporation's design tools, logic functions 
and other software and tools, and its AMPP partner logic 
functions, and any output files from any of the foregoing 
(including device programming or simulation files), and any 
associated documentation or information are expressly subject 
to the terms and conditions of the Altera Program License 
Subscription Agreement, Altera MegaCore Function License 
Agreement, or other applicable license agreement, including, 
without limitation, that your use is for the sole purpose of 
programming logic devices manufactured by Altera and sold by 
Altera or its authorized distributors.  Please refer to the 
applicable agreement for further details.



+-------------------------------------------------------------------+
; EDA Netlist Writer Summary                                        ;
+---------------------------+---------------------------------------+
; EDA Netlist Writer Status ; Successful - Fri Feb 13 13:26:16 2026 ;
; Revision Name             ; Parallel_Adder                        ;
; Top-level Entity Name     ; Parallel_Adder                        ;
; Family                    ; Cyclone IV E                          ;
; Simulation Files Creation ; Successful                            ;
+---------------------------+---------------------------------------+


+-------------------------------------------------------------------------------------------------------------------------------+
; Simulation Settings                                                                                                           ;
+---------------------------------------------------------------------------------------------------+---------------------------+
; Option                                                                                            ; Setting                   ;
+---------------------------------------------------------------------------------------------------+---------------------------+
; Tool Name                                                                                         ; ModelSim-Altera (Verilog) ;
; Generate netlist for functional simulation only                                                   ; Off                       ;
; Time scale                                                                                        ; 1 ps                      ;
; Truncate long hierarchy paths                                                                     ; Off                       ;
; Map illegal HDL characters                                                                        ; Off                       ;
; Flatten buses into individual nodes                                                               ; Off                       ;
; Maintain hierarchy                                                                                ; Off                       ;
; Bring out device-wide set/reset signals as ports                                                  ; Off                       ;
; Enable glitch filtering                                                                           ; Off                       ;
; Do not write top level VHDL entity                                                                ; Off                       ;
; Disable detection of setup and hold time violations in the input registers of bi-directional pins ; Off                       ;
; Architecture name in VHDL output netlist                                                          ; structure                 ;
; Generate third-party EDA tool command script for RTL functional simulation                        ; Off                       ;
; Generate third-party EDA tool command script for gate-level simulation                            ; Off                       ;
+---------------------------------------------------------------------------------------------------+---------------------------+


+-------------------------------------------------------------------------------------------------------+
; Simulation Generated Files                                                                            ;
+-------------------------------------------------------------------------------------------------------+
; Generated Files                                                                                       ;
+-------------------------------------------------------------------------------------------------------+
; C:/ITI 1100/lab3/Pre_Lab_3/Parallel Adder/simulation/modelsim/Parallel_Adder_7_1200mv_85c_slow.vo     ;
; C:/ITI 1100/lab3/Pre_Lab_3/Parallel Adder/simulation/modelsim/Parallel_Adder_7_1200mv_0c_slow.vo      ;
; C:/ITI 1100/lab3/Pre_Lab_3/Parallel Adder/simulation/modelsim/Parallel_Adder_min_1200mv_0c_fast.vo    ;
; C:/ITI 1100/lab3/Pre_Lab_3/Parallel Adder/simulation/modelsim/Parallel_Adder.vo                       ;
; C:/ITI 1100/lab3/Pre_Lab_3/Parallel Adder/simulation/modelsim/Parallel_Adder_7_1200mv_85c_v_slow.sdo  ;
; C:/ITI 1100/lab3/Pre_Lab_3/Parallel Adder/simulation/modelsim/Parallel_Adder_7_1200mv_0c_v_slow.sdo   ;
; C:/ITI 1100/lab3/Pre_Lab_3/Parallel Adder/simulation/modelsim/Parallel_Adder_min_1200mv_0c_v_fast.sdo ;
; C:/ITI 1100/lab3/Pre_Lab_3/Parallel Adder/simulation/modelsim/Parallel_Adder_v.sdo                    ;
+-------------------------------------------------------------------------------------------------------+


+-----------------------------+
; EDA Netlist Writer Messages ;
+-----------------------------+
Info: *******************************************************************
Info: Running Quartus II 64-Bit EDA Netlist Writer
    Info: Version 13.0.1 Build 232 06/12/2013 Service Pack 1 SJ Web Edition
    Info: Processing started: Fri Feb 13 13:26:15 2026
Info: Command: quartus_eda --functional=off --timescale=1ps --simulation=on --tool=modelsim_oem --format=verilog Parallel_Adder -c Parallel_Adder
Info (204019): Generated file Parallel_Adder_7_1200mv_85c_slow.vo in folder "C:/ITI 1100/lab3/Pre_Lab_3/Parallel Adder/simulation/modelsim/" for EDA simulation tool
Info (204019): Generated file Parallel_Adder_7_1200mv_0c_slow.vo in folder "C:/ITI 1100/lab3/Pre_Lab_3/Parallel Adder/simulation/modelsim/" for EDA simulation tool
Info (204019): Generated file Parallel_Adder_min_1200mv_0c_fast.vo in folder "C:/ITI 1100/lab3/Pre_Lab_3/Parallel Adder/simulation/modelsim/" for EDA simulation tool
Info (204019): Generated file Parallel_Adder.vo in folder "C:/ITI 1100/lab3/Pre_Lab_3/Parallel Adder/simulation/modelsim/" for EDA simulation tool
Info (204019): Generated file Parallel_Adder_7_1200mv_85c_v_slow.sdo in folder "C:/ITI 1100/lab3/Pre_Lab_3/Parallel Adder/simulation/modelsim/" for EDA simulation tool
Info (204019): Generated file Parallel_Adder_7_1200mv_0c_v_slow.sdo in folder "C:/ITI 1100/lab3/Pre_Lab_3/Parallel Adder/simulation/modelsim/" for EDA simulation tool
Info (204019): Generated file Parallel_Adder_min_1200mv_0c_v_fast.sdo in folder "C:/ITI 1100/lab3/Pre_Lab_3/Parallel Adder/simulation/modelsim/" for EDA simulation tool
Info (204019): Generated file Parallel_Adder_v.sdo in folder "C:/ITI 1100/lab3/Pre_Lab_3/Parallel Adder/simulation/modelsim/" for EDA simulation tool
Info: Quartus II 64-Bit EDA Netlist Writer was successful. 0 errors, 0 warnings
    Info: Peak virtual memory: 4537 megabytes
    Info: Processing ended: Fri Feb 13 13:26:16 2026
    Info: Elapsed time: 00:00:01
    Info: Total CPU time (on all processors): 00:00:01


